2025-09-14 02:40:25,361 - INFO - Use pytorch device_name: cpu
2025-09-14 02:40:25,365 - INFO - Load pretrained SentenceTransformer: all-mpnet-base-v2
2025-09-14 03:27:49,908 - INFO - Use pytorch device_name: cpu
2025-09-14 03:27:49,918 - INFO - Load pretrained SentenceTransformer: all-mpnet-base-v2
2025-09-14 03:34:59,604 - INFO - Use pytorch device_name: cpu
2025-09-14 03:34:59,607 - INFO - Load pretrained SentenceTransformer: all-mpnet-base-v2
2025-09-14 03:41:40,672 - INFO - Use pytorch device_name: cpu
2025-09-14 03:41:40,677 - INFO - Load pretrained SentenceTransformer: all-mpnet-base-v2
2025-09-14 03:53:20,339 - INFO - Use pytorch device_name: cpu
2025-09-14 03:53:20,345 - INFO - Load pretrained SentenceTransformer: all-mpnet-base-v2
2025-09-14 04:02:20,563 - INFO - Use pytorch device_name: cpu
2025-09-14 04:02:20,567 - INFO - Load pretrained SentenceTransformer: all-mpnet-base-v2
2025-09-14 04:02:25,456 - INFO - [STEP] Loading raw data from parquet file...
2025-09-14 04:02:25,456 - INFO - Loading parquet file from: e:\MASTER THESIS UCL\Python\src-submitted\data\retrieved_data.parquet
2025-09-14 04:28:46,230 - INFO - Use pytorch device_name: cpu
2025-09-14 04:28:46,236 - INFO - Load pretrained SentenceTransformer: all-mpnet-base-v2
2025-09-14 04:28:53,089 - INFO - [STEP] Loading raw data from parquet file...
2025-09-14 04:28:53,089 - INFO - Loading parquet file from: e:\MASTER THESIS UCL\Python\src-submitted\data\retrieved_data.parquet
2025-09-14 06:10:55,130 - INFO - Use pytorch device_name: cpu
2025-09-14 06:10:55,134 - INFO - Load pretrained SentenceTransformer: all-mpnet-base-v2
2025-09-14 06:11:20,782 - INFO - [STEP] Loading raw data from parquet file...
2025-09-14 06:18:05,328 - INFO - Use pytorch device_name: cpu
2025-09-14 06:18:05,335 - INFO - Load pretrained SentenceTransformer: all-mpnet-base-v2
2025-09-14 06:18:57,687 - INFO - Use pytorch device_name: cpu
2025-09-14 06:18:57,691 - INFO - Load pretrained SentenceTransformer: all-mpnet-base-v2
2025-09-14 06:19:18,155 - INFO - [STEP] Starting pipeline with raw DataFrame input...
2025-09-14 06:19:18,155 - INFO - [STEP] Saving raw webscraped data to SQL...
2025-09-14 06:19:18,155 - INFO - Saving DataFrame to SQL table 'trainer_pages_raw' with mode='replace'...
2025-09-14 06:24:33,049 - INFO - Use pytorch device_name: cpu
2025-09-14 06:24:33,053 - INFO - Load pretrained SentenceTransformer: all-mpnet-base-v2
2025-09-14 06:24:54,346 - INFO - [STEP] Starting pipeline with raw DataFrame input...
2025-09-14 06:24:54,346 - INFO - [STEP] Saving raw webscraped data to SQL...
2025-09-14 06:24:54,346 - INFO - Saving DataFrame to SQL table 'trainer_pages_raw' with mode='replace'...
2025-09-14 06:26:49,766 - INFO - Successfully saved table 'trainer_pages_raw' to database.
2025-09-14 06:26:50,510 - INFO - Confirmed: 'trainer_pages_raw' table exists in SQL Server.
2025-09-14 06:26:50,510 - INFO - [STEP] Grouping and cleaning page text...
2025-09-14 06:27:17,177 - INFO -  Loaded 96 phrases from SQL table 'filtered_words'.
2025-09-14 06:27:29,570 - INFO - [STEP] Saving cleaned data to SQL...
2025-09-14 06:27:29,570 - INFO - Saving DataFrame to SQL table 'trainer_profiles_clean' with mode='replace'...
2025-09-14 06:27:30,392 - INFO - Successfully saved table 'trainer_profiles_clean' to database.
2025-09-14 06:27:30,392 - WARNING - Warning: 'trainer_profiles_clean' table NOT found.
2025-09-14 06:27:30,392 - INFO - [STEP] Normalizing multiselect fields...
2025-09-14 06:27:30,716 - INFO - [STEP] Merging cleaned profile with survey data...
2025-09-14 06:27:30,716 - INFO - [MERGE] Starting semantic merge process...
2025-09-14 06:27:30,721 - INFO - Use pytorch device_name: cpu
2025-09-14 06:27:30,721 - INFO - Load pretrained SentenceTransformer: all-mpnet-base-v2
2025-09-14 06:27:32,703 - INFO - Fetching top clusters from database...
2025-09-14 06:50:22,901 - INFO - Use pytorch device_name: cpu
2025-09-14 06:50:22,907 - INFO - Load pretrained SentenceTransformer: all-mpnet-base-v2
2025-09-14 06:50:47,274 - INFO - [STEP] Starting pipeline with raw DataFrame input...
2025-09-14 06:50:47,275 - INFO - [STEP] Saving raw webscraped data to SQL...
2025-09-14 06:50:47,276 - INFO - Saving DataFrame to SQL table 'trainer_pages_raw' with mode='replace'...
2025-09-14 06:52:32,969 - INFO - Successfully saved table 'trainer_pages_raw' to database.
2025-09-14 06:52:34,502 - INFO - Confirmed: 'trainer_pages_raw' table exists in SQL Server.
2025-09-14 06:52:34,503 - INFO - [STEP] Grouping and cleaning page text...
2025-09-14 06:53:02,044 - INFO -  Loaded 96 phrases from SQL table 'filtered_words'.
2025-09-14 06:53:15,684 - INFO - [STEP] Saving cleaned data to SQL...
2025-09-14 06:53:15,685 - INFO - Saving DataFrame to SQL table 'trainer_profiles_clean' with mode='replace'...
2025-09-14 06:56:23,760 - INFO - Successfully saved table 'trainer_profiles_clean' to database.
2025-09-14 06:56:23,761 - INFO - Confirmed: 'trainer_profiles_clean' table exists in SQL Server.
2025-09-14 06:56:23,761 - INFO - [STEP] Normalizing multiselect fields...
2025-09-14 06:57:20,281 - INFO - [STEP] Merging cleaned profile with survey data...
2025-09-14 06:57:20,281 - INFO - [MERGE] Starting semantic merge process...
2025-09-14 06:57:20,288 - INFO - Use pytorch device_name: cpu
2025-09-14 06:57:20,289 - INFO - Load pretrained SentenceTransformer: all-mpnet-base-v2
2025-09-14 06:57:26,591 - INFO - Fetching top clusters from database...
2025-09-14 06:57:27,617 - INFO - Fetching responden texts for clustering...
2025-09-14 06:57:39,572 - INFO - Computing base cluster embeddings...
2025-09-14 07:00:59,635 - INFO - Assigning clusters based on similarity...
2025-09-14 07:02:01,909 - INFO - Extracting and saving keywords per cluster...
2025-09-14 07:39:45,613 - INFO - [MERGE] Merge completed and stored to SQL.
2025-09-14 07:39:45,639 - INFO - [STEP] Running SQL EDA procedures...
2025-09-14 13:52:53,991 - INFO - Use pytorch device_name: cpu
2025-09-14 13:52:54,007 - INFO - Load pretrained SentenceTransformer: all-mpnet-base-v2
2025-09-14 13:53:14,788 - INFO - [STEP] Starting pipeline with raw DataFrame input...
2025-09-14 13:53:14,789 - INFO - [STEP] Saving raw webscraped data to SQL...
2025-09-14 13:53:14,789 - INFO - Saving DataFrame to SQL table 'trainer_pages_raw' with mode='replace'...
2025-09-14 13:54:15,991 - INFO - Successfully saved table 'trainer_pages_raw' to database.
2025-09-14 13:54:16,085 - INFO - Confirmed: 'trainer_pages_raw' table exists in SQL Server.
2025-09-14 13:54:16,085 - INFO - [STEP] Grouping and cleaning page text...
2025-09-14 13:54:16,713 - INFO -  Loaded 96 phrases from SQL table 'filtered_words'.
2025-09-14 13:54:34,486 - INFO - [STEP] Saving cleaned data to SQL...
2025-09-14 13:54:34,487 - INFO - Saving DataFrame to SQL table 'trainer_profiles_clean' with mode='replace'...
2025-09-14 13:54:47,054 - INFO - Successfully saved table 'trainer_profiles_clean' to database.
2025-09-14 13:54:47,054 - INFO - Confirmed: 'trainer_profiles_clean' table exists in SQL Server.
2025-09-14 13:54:47,054 - INFO - [STEP] Normalizing multiselect fields...
2025-09-14 13:54:47,257 - INFO - [STEP] Merging cleaned profile with survey data...
2025-09-14 13:54:47,257 - INFO - [MERGE] Starting semantic merge process...
2025-09-14 13:54:47,272 - INFO - Use pytorch device_name: cpu
2025-09-14 13:54:47,272 - INFO - Load pretrained SentenceTransformer: all-mpnet-base-v2
2025-09-14 13:54:48,974 - INFO - Fetching top clusters from database...
2025-09-14 13:54:49,125 - INFO - Fetching responden texts for clustering...
2025-09-14 13:54:50,483 - INFO - Computing base cluster embeddings...
2025-09-14 21:07:19,790 - INFO - Assigning clusters based on similarity...
2025-09-14 21:08:49,449 - INFO - Extracting and saving keywords per cluster...
2025-09-14 22:09:34,514 - INFO - [MERGE] Merge completed and stored to SQL.
2025-09-14 22:09:34,584 - INFO - [STEP] Running SQL EDA procedures...
